0 info it worked if it ends with ok
1 verbose cli [ '/usr/local/bin/node', '/usr/local/bin/npm', 'publish' ]
2 info using npm@4.1.2
3 info using node@v7.7.4
4 verbose publish [ '.' ]
5 silly cache add args [ '.', null ]
6 verbose cache add spec .
7 silly cache add parsed spec Result {
7 silly cache add   raw: '.',
7 silly cache add   scope: null,
7 silly cache add   escapedName: null,
7 silly cache add   name: null,
7 silly cache add   rawSpec: '.',
7 silly cache add   spec: '/Applications/MAMP/htdocs/Ambienx',
7 silly cache add   type: 'directory' }
8 verbose addLocalDirectory /Users/ozy/.npm/ambienx/1.0.0/package.tgz not in flight; packing
9 verbose correctMkdir /Users/ozy/.npm correctMkdir not in flight; initializing
10 info lifecycle ambienx@1.0.0~prepublish: ambienx@1.0.0
11 silly lifecycle ambienx@1.0.0~prepublish: no script for prepublish, continuing
12 info lifecycle ambienx@1.0.0~prepare: ambienx@1.0.0
13 silly lifecycle ambienx@1.0.0~prepare: no script for prepare, continuing
14 verbose tar pack [ '/Users/ozy/.npm/ambienx/1.0.0/package.tgz',
14 verbose tar pack   '/Applications/MAMP/htdocs/Ambienx' ]
15 verbose tarball /Users/ozy/.npm/ambienx/1.0.0/package.tgz
16 verbose folder /Applications/MAMP/htdocs/Ambienx
17 verbose addLocalTarball adding from inside cache /Users/ozy/.npm/ambienx/1.0.0/package.tgz
18 verbose correctMkdir /Users/ozy/.npm correctMkdir not in flight; initializing
19 silly cache afterAdd ambienx@1.0.0
20 verbose afterAdd /Users/ozy/.npm/ambienx/1.0.0/package/package.json not in flight; writing
21 verbose correctMkdir /Users/ozy/.npm correctMkdir not in flight; initializing
22 verbose afterAdd /Users/ozy/.npm/ambienx/1.0.0/package/package.json written
23 silly publish { name: 'ambienx',
23 silly publish   version: '1.0.0',
23 silly publish   description: 'Background music for your website or app',
23 silly publish   main: 'Ambienx.js',
23 silly publish   scripts: { test: 'echo "Error: no test specified" && exit 1' },
23 silly publish   repository:
23 silly publish    { type: 'git',
23 silly publish      url: 'git+https://github.com/ozywuli/ambienx.git' },
23 silly publish   keywords: [ 'background', 'music', 'music', 'ambience', 'ambienx' ],
23 silly publish   author: { name: 'ozywuli' },
23 silly publish   license: 'ISC',
23 silly publish   bugs: { url: 'https://github.com/ozywuli/ambienx/issues' },
23 silly publish   homepage: 'https://github.com/ozywuli/ambienx#readme',
23 silly publish   readme: 'Ambienx (BackgroundMusic.js)\n==========\n\nUse some background music to give your website or webapp some ambience.\n\n```js\nvar newAmbienx = new Ambienx({\n    audioSrc: \'music.mp3\',\n    audioLoop: false,\n    autoPlay: false,\n    enabledLoseFocus: true\n});\n```\n\n## Play\n```js\ndocument.querySelector(\'.play-audio\').addEventListener(\'click\', function() {\n    newAmbienx.playAudio();\n}, false);\n```\n\n\n## Pause\n```js\ndocument.querySelector(\'.pause-audio\').addEventListener(\'click\', function() {\n    newAmbienx.pauseAudio();\n}, false);\n```\n\n## Stop\n```js\ndocument.querySelector(\'.stop-audio\').addEventListener(\'click\', function() {\n    newAmbienx.pauseAudio({stop: true});\n}, false);\n```\n\n## Fade In\nThis method accepts an integer argument (1-10), which controls the target fade volume.\n\n```js\ndocument.querySelector(\'.fade-in-audio\').addEventListener(\'click\', function() {\n    newAmbienx.fadeInAudio(1, function() {\n        <!-- execute callback code here -->\n    });\n}, false);\n```\n\n## Fade Out\nThis method accepts an integer argument (1-10), which controls the target fade volume. If the target fade volume is not 0, then the audio will keep playing.\n```js\ndocument.querySelector(\'.fade-out-audio\').addEventListener(\'click\', function() {\n    newAmbienx.fadeOutAudio(0, function() {\n        <!-- execute callback code here -->\n    });\n}, false);\n```\n\n## Toggle Fade\nThis method accepts an argument that is an object, which controls the fade in and fade out volume.\n```js\ndocument.querySelector(\'.toggle-fade-audio\').addEventListener(\'click\', function() {\n    newAmbienx.toggleFadeAudio({\n        fadeInVolume: 1,\n        fadeOutVolume: 0\n    });\n}, false);\n```',
23 silly publish   readmeFilename: 'README.md',
23 silly publish   gitHead: '3a636cc323c209af4fbf153fefa17c72a0a0568e',
23 silly publish   _id: 'ambienx@1.0.0',
23 silly publish   _shasum: '372a53fab9e139d7db392d062f2e7bc39b28d99b',
23 silly publish   _from: '.' }
24 info lifecycle ambienx@1.0.0~prepublishOnly: ambienx@1.0.0
25 silly lifecycle ambienx@1.0.0~prepublishOnly: no script for prepublishOnly, continuing
26 verbose getPublishConfig undefined
27 silly mapToRegistry name ambienx
28 silly mapToRegistry using default registry
29 silly mapToRegistry registry https://registry.npmjs.org/
30 silly mapToRegistry data Result {
30 silly mapToRegistry   raw: 'ambienx',
30 silly mapToRegistry   scope: null,
30 silly mapToRegistry   escapedName: 'ambienx',
30 silly mapToRegistry   name: 'ambienx',
30 silly mapToRegistry   rawSpec: '',
30 silly mapToRegistry   spec: 'latest',
30 silly mapToRegistry   type: 'tag' }
31 silly mapToRegistry uri https://registry.npmjs.org/ambienx
32 verbose publish registryBase https://registry.npmjs.org/
33 silly publish uploading /Users/ozy/.npm/ambienx/1.0.0/package.tgz
34 verbose request uri https://registry.npmjs.org/ambienx
35 verbose request sending authorization for write operation
36 info attempt registry request try #1 at 4:27:28 PM
37 verbose request using bearer token for auth
38 verbose request id b2d105c1efd1e8f8
39 http request PUT https://registry.npmjs.org/ambienx
40 http 403 https://registry.npmjs.org/ambienx
41 verbose headers { 'content-type': 'application/json',
41 verbose headers   'cache-control': 'max-age=300',
41 verbose headers   'content-length': '95',
41 verbose headers   'accept-ranges': 'bytes',
41 verbose headers   date: 'Thu, 04 May 2017 23:27:30 GMT',
41 verbose headers   via: '1.1 varnish',
41 verbose headers   connection: 'keep-alive',
41 verbose headers   'x-served-by': 'cache-lax8647-LAX',
41 verbose headers   'x-cache': 'MISS',
41 verbose headers   'x-cache-hits': '0',
41 verbose headers   'x-timer': 'S1493940448.127177,VS0,VE2588',
41 verbose headers   vary: 'Accept-Encoding' }
42 verbose request invalidating /Users/ozy/.npm/registry.npmjs.org/ambienx on PUT
43 error publish Failed PUT 403
44 verbose stack Error: "You cannot publish over the previously published version 1.0.0." : ambienx
44 verbose stack     at makeError (/usr/local/lib/node_modules/npm/node_modules/npm-registry-client/lib/request.js:304:12)
44 verbose stack     at CachingRegistryClient.<anonymous> (/usr/local/lib/node_modules/npm/node_modules/npm-registry-client/lib/request.js:292:14)
44 verbose stack     at Request._callback (/usr/local/lib/node_modules/npm/node_modules/npm-registry-client/lib/request.js:212:14)
44 verbose stack     at Request.self.callback (/usr/local/lib/node_modules/npm/node_modules/request/request.js:186:22)
44 verbose stack     at emitTwo (events.js:106:13)
44 verbose stack     at Request.emit (events.js:194:7)
44 verbose stack     at Request.<anonymous> (/usr/local/lib/node_modules/npm/node_modules/request/request.js:1081:10)
44 verbose stack     at emitOne (events.js:96:13)
44 verbose stack     at Request.emit (events.js:191:7)
44 verbose stack     at IncomingMessage.<anonymous> (/usr/local/lib/node_modules/npm/node_modules/request/request.js:1001:12)
45 verbose statusCode 403
46 verbose pkgid ambienx
47 verbose cwd /Applications/MAMP/htdocs/Ambienx
48 error Darwin 15.4.0
49 error argv "/usr/local/bin/node" "/usr/local/bin/npm" "publish"
50 error node v7.7.4
51 error npm  v4.1.2
52 error code E403
53 error "You cannot publish over the previously published version 1.0.0." : ambienx
54 error If you need help, you may report this error at:
54 error     <https://github.com/npm/npm/issues>
55 verbose exit [ 1, true ]
